C51 COMPILER V9.60.0.0   HWAPI                                                             04/24/2021 17:22:02 PAGE 1   


C51 COMPILER V9.60.0.0, COMPILATION OF MODULE HWAPI
OBJECT MODULE PLACED IN .\Objects\hwapi.obj
COMPILER INVOKED BY: C:\Keil_v5\C51\BIN\C51.EXE hwapi.c OPTIMIZE(8,SPEED) BROWSE DEBUG OBJECTEXTEND PRINT(.\Listings\hwa
                    -pi.lst) TABS(2) OBJECT(.\Objects\hwapi.obj)

line level    source

   1          #include <REG52.H>
   2          #include "hwapi.h"
   3          
   4          //INPUTS
   5          sbit DRIVER=P0^0;
   6          sbit BELT=P0^1;
   7          
   8          sbit PASSENGER=P0^2;
   9          sbit PASSENGER_BELT=P0^3;
  10          
  11          
  12          //OUTPUTS
  13          
  14          sbit ALARM_LED=P3^7;
  15          
  16          
  17          
  18          int isDriverSitting(){
  19   1      
  20   1      return DRIVER==0;
  21   1      }
  22            int isPassengerSitting(){
  23   1        return PASSENGER==0;
  24   1        }
  25          
  26          int isPassengerBeltOpen(){
  27   1      return PASSENGER_BELT==1;
  28   1      }
  29             
  30          int isBeltOpen(){
  31   1      return BELT==1; 
  32   1      
  33   1      }
  34          
  35          
  36          
  37           void setAlarmOn(){
  38   1       
  39   1       ALARM_LED=0;
  40   1       }
  41          void setAlarmOff(){
  42   1      ALARM_LED=1;
  43   1      }
  44          


MODULE INFORMATION:   STATIC OVERLAYABLE
   CODE SIZE        =     50    ----
   CONSTANT SIZE    =   ----    ----
   XDATA SIZE       =   ----    ----
   PDATA SIZE       =   ----    ----
   DATA SIZE        =   ----    ----
   IDATA SIZE       =   ----    ----
   BIT SIZE         =   ----    ----
C51 COMPILER V9.60.0.0   HWAPI                                                             04/24/2021 17:22:02 PAGE 2   

END OF MODULE INFORMATION.


C51 COMPILATION COMPLETE.  0 WARNING(S),  0 ERROR(S)
