C51 COMPILER V9.60.0.0   REMINDER                                                          04/24/2021 17:22:02 PAGE 1   


C51 COMPILER V9.60.0.0, COMPILATION OF MODULE REMINDER
OBJECT MODULE PLACED IN .\Objects\reminder.obj
COMPILER INVOKED BY: C:\Keil_v5\C51\BIN\C51.EXE reminder.c OPTIMIZE(8,SPEED) BROWSE DEBUG OBJECTEXTEND PRINT(.\Listings\
                    -reminder.lst) TABS(2) OBJECT(.\Objects\reminder.obj)

line level    source

   1          #pragma NOEXTEND
   2          #include "hwapi.h"
   3          
   4          
   5          void main(){
   6   1      while(1)
   7   1        
   8   1      if((isDriverSitting()&&isBeltOpen()) || (isPassengerSitting()&&isPassengerBeltOpen())){
   9   2      setAlarmOn();
  10   2      }
  11   1      else
  12   1      {
  13   2      setAlarmOff();
  14   2      
  15   2      }
  16   1      
  17   1      
  18   1      }


MODULE INFORMATION:   STATIC OVERLAYABLE
   CODE SIZE        =     38    ----
   CONSTANT SIZE    =   ----    ----
   XDATA SIZE       =   ----    ----
   PDATA SIZE       =   ----    ----
   DATA SIZE        =   ----    ----
   IDATA SIZE       =   ----    ----
   BIT SIZE         =   ----    ----
END OF MODULE INFORMATION.


C51 COMPILATION COMPLETE.  0 WARNING(S),  0 ERROR(S)
